-------------------------------------------------------------------------------
Test set: in.bushansirgur.springboot.crudapi.CrudapiApplicationTests
-------------------------------------------------------------------------------
Tests run: 1, Failures: 0, Errors: 1, Skipped: 0, Time elapsed: 0.429 s <<< FAILURE! - in in.bushansirgur.springboot.crudapi.CrudapiApplicationTests
initializationError(in.bushansirgur.springboot.crudapi.CrudapiApplicationTests)  Time elapsed: 0.006 s  <<< ERROR!
java.lang.IllegalStateException: Unable to find a @SpringBootConfiguration, you need to use @ContextConfiguration or @SpringBootTest(classes=...) with your test

